<?xml version="1.0" encoding="UTF-8"?>
<!-- Generated by org.testng.reporters.JUnitReportReporter -->
<testsuite skipped="4" hostname="zaman" name="MobilePlaygroud.GestureTest" tests="5" failures="0" timestamp="22 Dec 2019 21:05:42 GMT" time="44.184" errors="0">
  <testcase name="general_dynamin_selection_test" time="44.184" classname="MobilePlaygroud.GestureTest"/>
  <testcase name="general_store_form_Test" classname="MobilePlaygroud.GestureTest">
    <skipped/>
  </testcase> <!-- general_store_form_Test -->
  <testcase name="swipeTest" classname="MobilePlaygroud.GestureTest">
    <skipped/>
  </testcase> <!-- swipeTest -->
  <testcase name="tapTest" classname="MobilePlaygroud.GestureTest">
    <skipped/>
  </testcase> <!-- tapTest -->
  <testcase name="general_toast_test" classname="MobilePlaygroud.GestureTest">
    <skipped/>
  </testcase> <!-- general_toast_test -->
</testsuite> <!-- MobilePlaygroud.GestureTest -->
