<?xml version="1.0" encoding="UTF-8"?>
<!-- Generated by org.testng.reporters.JUnitReportReporter -->
<testsuite skipped="6" hostname="zaman" name="MobilePlaygroud.GestureTest" tests="7" failures="0" timestamp="27 Dec 2019 06:19:35 GMT" time="54.766" errors="0">
  <testcase name="newtest" time="54.766" classname="MobilePlaygroud.GestureTest"/>
  <testcase name="general_store_form_Test" classname="MobilePlaygroud.GestureTest">
    <skipped/>
  </testcase> <!-- general_store_form_Test -->
  <testcase name="general_validate_product_test" classname="MobilePlaygroud.GestureTest">
    <skipped/>
  </testcase> <!-- general_validate_product_test -->
  <testcase name="swipeTest" classname="MobilePlaygroud.GestureTest">
    <skipped/>
  </testcase> <!-- swipeTest -->
  <testcase name="tapTest" classname="MobilePlaygroud.GestureTest">
    <skipped/>
  </testcase> <!-- tapTest -->
  <testcase name="general_toast_test" classname="MobilePlaygroud.GestureTest">
    <skipped/>
  </testcase> <!-- general_toast_test -->
  <testcase name="general_dynamin_selection_test" classname="MobilePlaygroud.GestureTest">
    <skipped/>
  </testcase> <!-- general_dynamin_selection_test -->
</testsuite> <!-- MobilePlaygroud.GestureTest -->
